Determining if the pthread_create exist failed with the following output:
Change Dir: /home/plusls/code/game/cmake-build-debug/CMakeFiles/CMakeTmp

Run Build Command:"/usr/bin/make" "cmTC_7335b/fast"
/usr/bin/make -f CMakeFiles/cmTC_7335b.dir/build.make CMakeFiles/cmTC_7335b.dir/build
make[1]: Entering directory '/home/plusls/code/game/cmake-build-debug/CMakeFiles/CMakeTmp'
Building C object CMakeFiles/cmTC_7335b.dir/CheckSymbolExists.c.o
/usr/bin/cc     -o CMakeFiles/cmTC_7335b.dir/CheckSymbolExists.c.o   -c /home/plusls/code/game/cmake-build-debug/CMakeFiles/CMakeTmp/CheckSymbolExists.c
Linking C executable cmTC_7335b
/home/plusls/program/clion-2017.1.1/bin/cmake/bin/cmake -E cmake_link_script CMakeFiles/cmTC_7335b.dir/link.txt --verbose=1
/usr/bin/cc       CMakeFiles/cmTC_7335b.dir/CheckSymbolExists.c.o  -o cmTC_7335b 
CMakeFiles/cmTC_7335b.dir/CheckSymbolExists.c.o：在函数‘main’中：
CheckSymbolExists.c:(.text+0x1b)：对‘pthread_create’未定义的引用
collect2: error: ld returned 1 exit status
CMakeFiles/cmTC_7335b.dir/build.make:97: recipe for target 'cmTC_7335b' failed
make[1]: *** [cmTC_7335b] Error 1
make[1]: Leaving directory '/home/plusls/code/game/cmake-build-debug/CMakeFiles/CMakeTmp'
Makefile:126: recipe for target 'cmTC_7335b/fast' failed
make: *** [cmTC_7335b/fast] Error 2

File /home/plusls/code/game/cmake-build-debug/CMakeFiles/CMakeTmp/CheckSymbolExists.c:
/* */
#include <pthread.h>

int main(int argc, char** argv)
{
  (void)argv;
#ifndef pthread_create
  return ((int*)(&pthread_create))[argc];
#else
  (void)argc;
  return 0;
#endif
}

Determining if the function pthread_create exists in the pthreads failed with the following output:
Change Dir: /home/plusls/code/game/cmake-build-debug/CMakeFiles/CMakeTmp

Run Build Command:"/usr/bin/make" "cmTC_c87a8/fast"
/usr/bin/make -f CMakeFiles/cmTC_c87a8.dir/build.make CMakeFiles/cmTC_c87a8.dir/build
make[1]: Entering directory '/home/plusls/code/game/cmake-build-debug/CMakeFiles/CMakeTmp'
Building C object CMakeFiles/cmTC_c87a8.dir/CheckFunctionExists.c.o
/usr/bin/cc    -DCHECK_FUNCTION_EXISTS=pthread_create   -o CMakeFiles/cmTC_c87a8.dir/CheckFunctionExists.c.o   -c /home/plusls/program/clion-2017.1.1/bin/cmake/share/cmake-3.7/Modules/CheckFunctionExists.c
Linking C executable cmTC_c87a8
/home/plusls/program/clion-2017.1.1/bin/cmake/bin/cmake -E cmake_link_script CMakeFiles/cmTC_c87a8.dir/link.txt --verbose=1
/usr/bin/cc   -DCHECK_FUNCTION_EXISTS=pthread_create    CMakeFiles/cmTC_c87a8.dir/CheckFunctionExists.c.o  -o cmTC_c87a8 -lpthreads 
/usr/bin/ld: 找不到 -lpthreads
collect2: error: ld returned 1 exit status
CMakeFiles/cmTC_c87a8.dir/build.make:97: recipe for target 'cmTC_c87a8' failed
make[1]: *** [cmTC_c87a8] Error 1
make[1]: Leaving directory '/home/plusls/code/game/cmake-build-debug/CMakeFiles/CMakeTmp'
Makefile:126: recipe for target 'cmTC_c87a8/fast' failed
make: *** [cmTC_c87a8/fast] Error 2


